2013-09-04h08:35:46

condor_status -pool vocms97.cern.ch -schedd -format "%s 
" Name
condor_status -pool vocms165.cern.ch -schedd -format "%s 
" Name
Passed first condor_status pool
listscheddsCERN
['_condor@vocms228_cern_ch ', 'cmssrv101_fnal_gov ', 'cmssrv112_fnal_gov ', 'cmssrv113_fnal_gov ', 'cmssrv94_fnal_gov ', 'cmssrv98_fnal_gov ', 'vocms201_cern_ch ', 'vocms202_cern_ch ', 'vocms216_cern_ch ', 'vocms230_cern_ch ', 'vocms234_cern_ch ', 'vocms235_cern_ch ', 'vocms237_cern_ch ', 'vocms85_cern_ch ']
----------------------
listscheddsCERN2
['cmst1@vocms227_cern_ch ', 'schedd_jobs2@vocms142_cern_ch ', 'schedd_jobs3@vocms142_cern_ch ', 'schedd_jobs4@vocms142_cern_ch ', 'schedd_jobs5@vocms142_cern_ch ', 'vocms142_cern_ch ']
----------------------
update collector list 
bash update_voBoxlist.sh voboxCERN_prev.txt voboxCERN.txt; bash update_voBoxlist.sh voboxFNAL_prev.txt voboxFNAL.txt
running update_voBoxlist.sh with site_list_prev: voboxCERN_prev.txt and site_list: voboxCERN.txt
previous sitelist:
_condor@vocms228_cern_ch 
cmssrv101_fnal_gov 
cmssrv112_fnal_gov 
cmssrv113_fnal_gov 
cmssrv94_fnal_gov 
cmssrv98_fnal_gov 
vocms201_cern_ch 
vocms202_cern_ch 
vocms216_cern_ch 
vocms230_cern_ch 
vocms234_cern_ch 
vocms235_cern_ch 
vocms237_cern_ch 
vocms85_cern_ch 
cmst1@vocms227_cern_ch 
schedd_jobs2@vocms142_cern_ch 
schedd_jobs3@vocms142_cern_ch 
schedd_jobs4@vocms142_cern_ch 
schedd_jobs5@vocms142_cern_ch 
vocms142_cern_ch 
===========================================
sitelist before changes:
_condor@vocms228_cern_ch 
cmssrv101_fnal_gov 
cmssrv112_fnal_gov 
cmssrv113_fnal_gov 
cmssrv94_fnal_gov 
cmssrv98_fnal_gov 
vocms201_cern_ch 
vocms202_cern_ch 
vocms216_cern_ch 
vocms230_cern_ch 
vocms234_cern_ch 
vocms235_cern_ch 
vocms237_cern_ch 
vocms85_cern_ch 
cmst1@vocms227_cern_ch 
schedd_jobs2@vocms142_cern_ch 
schedd_jobs3@vocms142_cern_ch 
schedd_jobs4@vocms142_cern_ch 
schedd_jobs5@vocms142_cern_ch 
vocms142_cern_ch 
===========================================
debating: _condor@vocms228_cern_ch
_condor@vocms228_cern_ch already inside
==========================================
sistelist after changes:
_condor@vocms228_cern_ch 
cmssrv101_fnal_gov 
cmssrv112_fnal_gov 
cmssrv113_fnal_gov 
cmssrv94_fnal_gov 
cmssrv98_fnal_gov 
vocms201_cern_ch 
vocms202_cern_ch 
vocms216_cern_ch 
vocms230_cern_ch 
vocms234_cern_ch 
vocms235_cern_ch 
vocms237_cern_ch 
vocms85_cern_ch 
cmst1@vocms227_cern_ch 
schedd_jobs2@vocms142_cern_ch 
schedd_jobs3@vocms142_cern_ch 
schedd_jobs4@vocms142_cern_ch 
schedd_jobs5@vocms142_cern_ch 
vocms142_cern_ch 
==========================================
running update_voBoxlist.sh with site_list_prev: voboxFNAL_prev.txt and site_list: voboxFNAL.txt
previous sitelist:
===========================================
sitelist before changes:
===========================================
==========================================
sistelist after changes:
==========================================


collector list update complete
condor_q -pool vocms97.cern.ch -name _condor@vocms228.cern.ch   -format "%i." ClusterID -format "%s||" ProcId  -format "%i||" JobStatus  -format "%s||" UserLog -format "%s||" DESIRED_Sites -format "\%s||" WMAgent_SubTaskType -format "%s||" MATCH_EXP_JOBGLIDEIN_CMSSite -format "
" Owner
condor_q -pool vocms97.cern.ch -name cmssrv101.fnal.gov   -format "%i." ClusterID -format "%s||" ProcId  -format "%i||" JobStatus  -format "%s||" UserLog -format "%s||" DESIRED_Sites -format "\%s||" WMAgent_SubTaskType -format "%s||" MATCH_EXP_JOBGLIDEIN_CMSSite -format "
" Owner
condor_q -pool vocms97.cern.ch -name cmssrv112.fnal.gov   -format "%i." ClusterID -format "%s||" ProcId  -format "%i||" JobStatus  -format "%s||" UserLog -format "%s||" DESIRED_Sites -format "\%s||" WMAgent_SubTaskType -format "%s||" MATCH_EXP_JOBGLIDEIN_CMSSite -format "
" Owner
condor_q -pool vocms97.cern.ch -name cmssrv113.fnal.gov   -format "%i." ClusterID -format "%s||" ProcId  -format "%i||" JobStatus  -format "%s||" UserLog -format "%s||" DESIRED_Sites -format "\%s||" WMAgent_SubTaskType -format "%s||" MATCH_EXP_JOBGLIDEIN_CMSSite -