Fetchting all the sites that are not in waitingroom
number of non waiting room  sites:  47
['T2_AT_Vienna', 'T2_BE_IIHE', 'T2_BE_UCL', 'T2_BR_SPRACE', 'T2_CH_CERN', 'T2_CH_CERN_AI', 'T2_CH_CERN_HLT', 'T2_CH_CSCS', 'T2_CN_Beijing', 'T2_DE_DESY', 'T2_DE_RWTH', 'T2_EE_Estonia', 'T2_ES_CIEMAT', 'T2_ES_IFCA', 'T2_GR_Ioannina', 'T2_FI_HIP', 'T2_FR_CCIN2P3', 'T2_FR_GRIF_IRFU', 'T2_FR_IPHC', 'T2_FR_GRIF_LLR', 'T2_HU_Budapest', 'T2_IT_Bari', 'T2_IT_Legnaro', 'T2_IT_Pisa', 'T2_IT_Rome', 'T2_KR_KNU', 'T2_PL_Warsaw', 'T2_PT_NCG_Lisbon', 'T2_RU_IHEP', 'T2_RU_ITEP', 'T2_RU_JINR', 'T2_RU_PNPI', 'T2_RU_SINP', 'T2_TW_Taiwan', 'T2_UA_KIPT', 'T2_UK_London_Brunel', 'T2_UK_London_IC', 'T2_UK_SGrid_Bristol', 'T2_UK_SGrid_RALPP', 'T2_US_Caltech', 'T2_US_Florida', 'T2_US_MIT', 'T2_US_Nebraska', 'T2_US_Purdue', 'T2_US_UCSD', 'T2_US_Vanderbilt', 'T2_US_Wisconsin']
------------------------------------------
starting to fetch all sites from siteDB
X509_USER_CERT and X509_USER_KEY found
conn found in if else structure
r1 passed
r2 passed
-------------------------------------------------------------
--------------------------------------------------------
Sites in waiting room:
['T2_TH_CUNSTDA', 'T2_BR_UERJ', 'T2_RU_INR', 'T2_TR_METU', 'T2_PK_NCP', 'T2_RU_RRC_KI', 'T2_IN_TIFR', 'T2_MY_UPM_BIRUNI']
Local current time : 2013-09-03 14:35:09
T2_TH_CUNSTDA yes red https://cmsdoc.cern.ch/cms/LCG/SiteComm/T2WaitingList/WasCommissionedT2ForSiteMonitor.txt
T2_BR_UERJ yes red https://cmsdoc.cern.ch/cms/LCG/SiteComm/T2WaitingList/WasCommissionedT2ForSiteMonitor.txt
T2_RU_INR yes red https://cmsdoc.cern.ch/cms/LCG/SiteComm/T2WaitingList/WasCommissionedT2ForSiteMonitor.txt
T2_TR_METU yes red https://cmsdoc.cern.ch/cms/LCG/SiteComm/T2WaitingList/WasCommissionedT2ForSiteMonitor.txt
T2_PK_NCP yes red https://cmsdoc.cern.ch/cms/LCG/SiteComm/T2WaitingList/WasCommissionedT2ForSiteMonitor.txt
T2_RU_RRC_KI yes red https://cmsdoc.cern.ch/cms/LCG/SiteComm/T2WaitingList/WasCommissionedT2ForSiteMonitor.txt
T2_IN_TIFR yes red https://cmsdoc.cern.ch/cms/LCG/SiteComm/T2WaitingList/WasCommissionedT2ForSiteMonitor.txt
T2_MY_UPM_BIRUNI yes red https://cmsdoc.cern.ch/cms/LCG/SiteComm/T2WaitingList/WasCommissionedT2ForSiteMonitor.txt
T2_IT_Bari no green https://cmsdoc.cern.ch/cms/LCG/SiteComm/T2WaitingList/WasCommissionedT2ForSiteMonitor.txt
T2_CN_Beijing no green https://cmsdoc.cern.ch/cms/LCG/SiteComm/T2WaitingList/WasCommissionedT2ForSiteMonitor.txt
T2_UK_SGrid_Bristol no green https://cmsdoc.cern.ch/cms/LCG/SiteComm/T2WaitingList/WasCommissionedT2ForSiteMonitor.txt
T2_UK_London_Brunel no green https://cmsdoc.cern.ch/cms/LCG/SiteComm/T2WaitingList/WasCommissionedT2ForSiteMonitor.txt
T2_FR_CCIN2P3 no green https://cmsdoc.cern.ch/cms/LCG/SiteComm/T2WaitingList/WasCommissionedT2ForSiteMonitor.txt
T2_CH_CERN no green https://cmsdoc.cern.ch/cms/LCG/SiteComm/T2WaitingList/WasCommissionedT2ForSiteMonitor.txt
T2_CH_CERN_AI no green https://cmsdoc.cern.ch/cms/LCG/SiteComm/T2WaitingList/WasCommissionedT2ForSiteMonitor.txt
T2_CH_CERN_HLT no green https://cmsdoc.cern.ch/cms/LCG/SiteComm/T2WaitingList/WasCommissionedT2ForSiteMonitor.txt
T2_ES_CIEMAT no green https://cmsdoc.cern.ch/cms/LCG/SiteComm/T2WaitingList/WasCommissionedT2ForSiteMonitor.txt
T2_CH_CSCS no green https://cmsdoc.cern.ch/cms/LCG/SiteComm/T2WaitingList/WasCommissionedT2ForSiteMonitor.txt
T2_US_Caltech no green https://cmsdoc.cern.ch/cms/LCG/SiteComm/T2WaitingList/WasCommissionedT2ForSiteMonitor.txt
T2_DE_DESY no green https://cmsdoc.cern.ch/cms/LCG/SiteComm/T2WaitingList/WasCommissionedT2ForSiteMonitor.txt
T2_EE_Estonia no green https://cmsdoc.cern.ch/cms/LCG/SiteComm/T2WaitingList/WasCommissionedT2ForSiteMonitor.txt
T2_US_Florida no green https://cmsdoc.cern.ch/cms/LCG/SiteComm/T2WaitingList/WasCommissionedT2ForSiteMonitor.txt
T2_FR_GRIF_IRFU no green https://cmsdoc.cern.ch/cms/LCG/SiteComm/T2WaitingList/WasCommissionedT2ForSiteMonitor.txt
T2_FR_GRIF_LLR no green https://cmsdoc.cern.ch/cms/LCG/SiteComm/T2WaitingList/WasCommissionedT2ForSiteMonitor.txt
T2_FI_HIP no green https://cmsdoc.cern.ch/cms/LCG/SiteComm/T2WaitingList/WasCommissionedT2ForSiteMonitor.txt
T2_AT_Vienna no green https://cmsdoc.cern.ch/cms/LCG/SiteComm/T2WaitingList/WasCommissionedT2ForSiteMonitor.txt
T2_HU_Budapest no green https://cmsdoc.cern.ch/cms/LCG/SiteComm/T2WaitingList/WasCommissionedT2ForSiteMonitor.txt
T2_UK_London_IC no green https://cmsdoc.cern.ch/cms/LCG/SiteComm/T2WaitingList/WasCommissionedT2ForSiteMonitor.txt
T2_ES_IFCA no green https://cmsdoc.cern.ch/cms/LCG/SiteComm/T2WaitingList/WasCommissionedT2ForSiteMonitor.txt
T2_RU_IHEP no green https://cmsdoc.cern.ch/cms/LCG/SiteComm/T2WaitingList/WasCommissionedT2ForSiteMonitor.txt
T2_BE_IIHE no green https://cmsdoc.cern.ch/cms/LCG/SiteComm/T2WaitingList/WasCommissionedT2ForSiteMonitor.txt
T2_FR_IPHC no green https://cmsdoc.cern.ch/cms/LCG/SiteComm/T2WaitingList/WasCommissionedT2ForSiteMonitor.txt
T2_RU_ITEP no green https://cmsdoc.cern.ch/cms/LCG/SiteComm/T2WaitingList/WasCommissionedT2ForSiteMonitor.txt
T2_GR_Ioannina no green https://cmsdoc.cern.ch/cms/LCG/SiteComm/T2WaitingList/WasCommissionedT2ForSiteMonitor.txt
T2_RU_JINR no green https://cmsdoc.cern.ch/cms/LCG/SiteComm/T2WaitingList/WasCommissionedT2ForSiteMonitor.txt
T2_UA_KIPT no green https://cmsdoc.cern.ch/cms/LCG/SiteComm/T2WaitingList/WasCommissionedT2ForSiteMonitor.txt
T2_KR_KNU no green https://cmsdoc.cern.ch/cms/LCG/SiteComm/T2WaitingList/WasCommissionedT2ForSiteMonitor.txt
T2_IT_Legnaro no green https://cmsdoc.cern.ch/cms/LCG/SiteComm/T2WaitingList/WasCommissionedT2ForSiteMonitor.txt
T2_BE_UCL no green https://cmsdoc.cern.ch/cms/LCG/SiteComm/T2WaitingList/WasCommissionedT2ForSiteMonitor.txt
T2_US_MIT no green https://cmsdoc.cern.ch/cms/LCG/SiteComm/T2WaitingList/WasCommissionedT2ForSiteMonitor.txt
T2_PT_NCG_Lisbon no green https://cmsdoc.cern.ch/cms/LCG/SiteComm/T2WaitingList/WasCommissionedT2ForSiteMonitor.txt
T2_US_Nebraska no green https://cmsdoc.cern.ch/cms/LCG/SiteComm/T2WaitingList/WasCommissionedT2ForSiteMonitor.txt
T2_RU_PNPI no green https://cmsdoc.cern.ch/cms/LCG/SiteComm/T2WaitingList/WasCommissionedT2ForSiteMonitor.txt
T2_IT_Pisa no green https://cmsdoc.cern.ch/cms/LCG/SiteComm/T2WaitingList/WasCommissionedT2ForSiteMonitor.txt
T2_US_Purdue no green https://cmsdoc.cern.ch/cms/LCG/SiteComm/T2WaitingList/WasCommissionedT2ForSiteMonitor.txt
T2_DE_RWTH no green https://cmsdoc.cern.ch/cms/LCG/SiteComm/T2WaitingList/WasCommissionedT2ForSiteMonitor.txt
T2_IT_Rome no green https://cmsdoc.cern.ch/cms/LCG/SiteComm/T2WaitingList/WasCommissionedT2ForSiteMonitor.txt
T2_UK_SGrid_RALPP no green https://cmsdoc.cern.ch/cms/LCG/SiteComm/T2WaitingList/WasCommissionedT2ForSiteMonitor.txt
T2_RU_SINP no green https://cmsdoc.cern.ch/cms/LCG/SiteComm/T2WaitingList/WasCommissionedT2ForSiteMonitor.txt
T2_BR_SPRACE no green https://cmsdoc.cern.ch/cms/LCG/SiteComm/T2WaitingList/WasCommissionedT2ForSiteMonitor.txt
T2_TW_Taiwan no green https://cmsdoc.cern.ch/cms/LCG/SiteComm/T2WaitingList/WasCommissionedT2ForSiteMonitor.txt
T2_US_UCSD no green https://cmsdoc.cern.ch/cms/LCG/SiteComm/T2WaitingList/WasCommissionedT2ForSiteMonitor.txt
T2_US_Vanderbilt no green https://cmsdoc.cern.ch/cms/LCG/SiteComm/T2WaitingList/WasCommissionedT2ForSiteMonitor.txt
T2_PL_Warsaw no green https://cmsdoc.cern.ch/cms/LCG/SiteComm/T2WaitingList/WasCommissionedT2ForSiteMonitor.txt
T2_US_Wisconsin no green https://cmsdoc.cern.ch/cms/LCG/SiteComm/T2WaitingList/WasCommissionedT2ForSiteMonitor.txt
