['T2_DE_DESY', 'T2_CH_CSCS', 'T2_US_MIT', 'T2_CH_CERN_AI', 'T2_KR_KNU', 'T1_ES_PIC', 'T1_US_FNAL', 'T2_IT_Legnaro', 'T2_CH_CERN_HLT', 'T2_UK_London_Brunel', 'T2_IT_Rome', 'T2_US_UCSD', 'T2_ES_CIEMAT', 'T2_US_Wisconsin', 'T2_HU_Budapest', 'T2_BR_SPRACE', 'T2_US_Purdue', 'T1_IT_CNAF', 'T2_UK_SGrid_RALPP', 'T2_US_Florida', 'T2_IT_Bari', 'T2_BE_IIHE', 'T2_PT_NCG_Lisbon', 'T1_FR_CCIN2P3', 'T2_US_Nebraska', 'T2_CH_CERN', 'T2_BE_UCL', 'T2_DE_RWTH', 'T2_IT_Pisa', 'T2_UK_London_IC', 'T2_GR_Ioannina', 'T2_TW_Taiwan', 'T2_FR_IPHC', 'T2_FI_HIP', 'T2_AT_Vienna', 'T1_RU_JINR', 'T1_DE_KIT', 'T2_FR_GRIF_LLR', 'T1_UK_RAL', 'T1_TW_ASGC', 'T2_UA_KIPT', 'T2_PL_Warsaw', 'T2_EE_Estonia', 'T2_UK_SGrid_Bristol', 'T2_US_Caltech', 'T2_US_Vanderbilt', 'T2_ES_IFCA', 'T2_FR_GRIF_IRFU', 'T2_CN_Beijing', 'T2_RU_ITEP', 'T2_FR_CCIN2P3', 'T2_RU_PNPI', 'T2_RU_IHEP', 'T2_TR_METU', 'T2_RU_JINR', 'T2_RU_SINP', 'T2_BR_UERJ', 'T2_RU_RRC_KI', 'T2_PK_NCP', 'T2_IN_TIFR', 'T1_CH_CERN', 'T2_MY_UPM_BIRUNI', 'T2_TH_CUNSTDA', 'T2_RU_INR']
['T2_PK_NCP', 'T2_RU_RRC_KI', 'T2_BR_UERJ', 'T2_TR_METU', 'T2_IN_TIFR', 'T2_MY_UPM_BIRUNI', 'T2_TH_CUNSTDA', 'T2_RU_INR', 'T1_CH_CERN']
Local current time : 2013-09-04 08:05:57
T2_PK_NCP red red http://dashb-ssb.cern.ch/dashboard/request.py/getsitereadinessrankdata?columnid=45&time=%s
T2_RU_RRC_KI red red http://dashb-ssb.cern.ch/dashboard/request.py/getsitereadinessrankdata?columnid=45&time=%s
T2_BR_UERJ red red http://dashb-ssb.cern.ch/dashboard/request.py/getsitereadinessrankdata?columnid=45&time=%s
T2_TR_METU red red http://dashb-ssb.cern.ch/dashboard/request.py/getsitereadinessrankdata?columnid=45&time=%s
T2_IN_TIFR red red http://dashb-ssb.cern.ch/dashboard/request.py/getsitereadinessrankdata?columnid=45&time=%s
T2_MY_UPM_BIRUNI red red http://dashb-ssb.cern.ch/dashboard/request.py/getsitereadinessrankdata?columnid=45&time=%s
T2_TH_CUNSTDA red red http://dashb-ssb.cern.ch/dashboard/request.py/getsitereadinessrankdata?columnid=45&time=%s
T2_RU_INR red red http://dashb-ssb.cern.ch/dashboard/request.py/getsitereadinessrankdata?columnid=45&time=%s
T1_CH_CERN red red http://dashb-ssb.cern.ch/dashboard/request.py/getsitereadinessrankdata?columnid=45&time=%s
T2_DE_DESY green green http://dashb-ssb.cern.ch/dashboard/request.py/getsitereadinessrankdata?columnid=45&time=%s
T2_CH_CSCS green green http://dashb-ssb.cern.ch/dashboard/request.py/getsitereadinessrankdata?columnid=45&time=%s
T2_US_MIT green green http://dashb-ssb.cern.ch/dashboard/request.py/getsitereadinessrankdata?columnid=45&time=%s
T2_CH_CERN_AI green green http://dashb-ssb.cern.ch/dashboard/request.py/getsitereadinessrankdata?columnid=45&time=%s
T2_KR_KNU green green http://dashb-ssb.cern.ch/dashboard/request.py/getsitereadinessrankdata?columnid=45&time=%s
T1_ES_PIC green green http://dashb-ssb.cern.ch/dashboard/request.py/getsitereadinessrankdata?columnid=45&time=%s
T1_US_FNAL green green http://dashb-ssb.cern.ch/dashboard/request.py/getsitereadinessrankdata?columnid=45&time=%s
T2_IT_Legnaro green green http://dashb-ssb.cern.ch/dashboard/request.py/getsitereadinessrankdata?columnid=45&time=%s
T2_CH_CERN_HLT green green http://dashb-ssb.cern.ch/dashboard/request.py/getsitereadinessrankdata?columnid=45&time=%s
T2_UK_London_Brunel green green http://dashb-ssb.cern.ch/dashboard/request.py/getsitereadinessrankdata?columnid=45&time=%s
T2_IT_Rome green green http://dashb-ssb.cern.ch/dashboard/request.py/getsitereadinessrankdata?columnid=45&time=%s
T2_US_UCSD green green http://dashb-ssb.cern.ch/dashboard/request.py/getsitereadinessrankdata?columnid=45&time=%s
T2_ES_CIEMAT green green http://dashb-ssb.cern.ch/dashboard/request.py/getsitereadinessrankdata?columnid=45&time=%s
T2_US_Wisconsin green green http://dashb-ssb.cern.ch/dashboard/request.py/getsitereadinessrankdata?columnid=45&time=%s
T2_HU_Budapest green green http://dashb-ssb.cern.ch/dashboard/request.py/getsitereadinessrankdata?columnid=45&time=%s
T2_BR_SPRACE green green http://dashb-ssb.cern.ch/dashboard/request.py/getsitereadinessrankdata?columnid=45&time=%s
T2_US_Purdue green green http://dashb-ssb.cern.ch/dashboard/request.py/getsitereadinessrankdata?columnid=45&time=%s
T1_IT_CNAF green green http://dashb-ssb.cern.ch/dashboard/request.py/getsitereadinessrankdata?columnid=45&time=%s
T2_UK_SGrid_RALPP green green http://dashb-ssb.cern.ch/dashboard/request.py/getsitereadinessrankdata?columnid=45&time=%s
T2_US_Florida green green http://dashb-ssb.cern.ch/dashboard/request.py/getsitereadinessrankdata?columnid=45&time=%s
T2_IT_Bari green green http://dashb-ssb.cern.ch/dashboard/request.py/getsitereadinessrankdata?columnid=45&time=%s
T2_BE_IIHE green green http://dashb-ssb.cern.ch/dashboard/request.py/getsitereadinessrankdata?columnid=45&time=%s
T2_PT_NCG_Lisbon green green http://dashb-ssb.cern.ch/dashboard/request.py/getsitereadinessrankdata?columnid=45&time=%s
T1_FR_CCIN2P3 green green http://dashb-ssb.cern.ch/dashboard/request.py/getsitereadinessrankdata?columnid=45&time=%s
T2_US_Nebraska green green http://dashb-ssb.cern.ch/dashboard/request.py/getsitereadinessrankdata?columnid=45&time=%s
T2_CH_CERN green green http://dashb-ssb.cern.ch/dashboard/request.py/getsitereadinessrankdata?columnid=45&time=%s
T2_BE_UCL green green http://dashb-ssb.cern.ch/dashboard/request.py/getsitereadinessrankdata?columnid=45&time=%s
T2_DE_RWTH green green http://dashb-ssb.cern.ch/dashboard/request.py/getsitereadinessrankdata?columnid=45&time=%s
T2_IT_Pisa green green http://dashb-ssb.cern.ch/dashboard/request.py/getsitereadinessrankdata?columnid=45&time=%s
T2_UK_London_IC green green http://dashb-ssb.cern.ch/dashboard/request.py/getsitereadinessrankdata?columnid=45&time=%s
T2_GR_Ioannina green green http://dashb-ssb.cern.ch/dashboard/request.py/getsitereadinessrankdata?columnid=45&time=%s
T2_TW_Taiwan green green http://dashb-ssb.cern.ch/dashboard/request.py/getsitereadinessrankdata?columnid=45&time=%s
T2_FR_IPHC green green http://dashb-ssb.cern.ch/dashboard/request.py/getsitereadinessrankdata?columnid=45&time=%s
T2_FI_HIP green green http://dashb-ssb.cern.ch/dashboard/request.py/getsitereadinessrankdata?columnid=45&time=%s
T2_AT_Vienna green green http://dashb-ssb.cern.ch/dashboard/request.py/getsitereadinessrankdata?columnid=45&time=%s
T1_RU_JINR green green http://dashb-ssb.cern.ch/dashboard/request.py/getsitereadinessrankdata?columnid=45&time=%s
T1_DE_KIT green green http://dashb-ssb.cern.ch/dashboard/request.py/getsitereadinessrankdata?columnid=45&time=%s
T2_FR_GRIF_LLR green green http://dashb-ssb.cern.ch/dashboard/request.py/getsitereadinessrankdata?columnid=45&time=%s
T1_UK_RAL green green http://dashb-ssb.cern.ch/dashboard/request.py/getsitereadinessrankdata?columnid=45&time=%s
T1_TW_ASGC green green http://dashb-ssb.cern.ch/dashboard/request.py/getsitereadinessrankdata?columnid=45&time=%s
T2_UA_KIPT green green http://dashb-ssb.cern.ch/dashboard/request.py/getsitereadinessrankdata?columnid=45&time=%s
T2_PL_Warsaw green green http://dashb-ssb.cern.ch/dashboard/request.py/getsitereadinessrankdata?columnid=45&time=%s
T2_EE_Estonia green green http://dashb-ssb.cern.ch/dashboard/request.py/getsitereadinessrankdata?columnid=45&time=%s
T2_UK_SGrid_Bristol green green http://dashb-ssb.cern.ch/dashboard/request.py/getsitereadinessrankdata?columnid=45&time=%s
T2_US_Caltech green green http://dashb-ssb.cern.ch/dashboard/request.py/getsitereadinessrankdata?columnid=45&time=%s
T2_US_Vanderbilt green green http://dashb-ssb.cern.ch/dashboard/request.py/getsitereadinessrankdata?columnid=45&time=%s
T2_ES_IFCA green green http://dashb-ssb.cern.ch/dashboard/request.py/getsitereadinessrankdata?columnid=45&time=%s
T2_FR_GRIF_IRFU green green http://dashb-ssb.cern.ch/dashboard/request.py/getsitereadinessrankdata?columnid=45&time=%s
T2_CN_Beijing green green http://dashb-ssb.cern.ch/dashboard/request.py/getsitereadinessrankdata?columnid=45&time=%s
T2_RU_ITEP green green http://dashb-ssb.cern.ch/dashboard/request.py/getsitereadinessrankdata?columnid=45&time=%s
T2_FR_CCIN2P3 green green http://dashb-ssb.cern.ch/dashboard/request.py/getsitereadinessrankdata?columnid=45&time=%s
T2_RU_PNPI green green http://dashb-ssb.cern.ch/dashboard/request.py/getsitereadinessrankdata?columnid=45&time=%s
T2_RU_IHEP green green http://dashb-ssb.cern.ch/dashboard/request.py/getsitereadinessrankdata?columnid=45&time=%s
T2_RU_JINR green green http://dashb-ssb.cern.ch/dashboard/request.py/getsitereadinessrankdata?columnid=45&time=%s
T2_RU_SINP green green http://dashb-ssb.cern.ch/dashboard/request.py/getsitereadinessrankdata?columnid=45&time=%s
