Fetchting all the sites that are not in waitingroom
number of non waiting room  sites:  51
['1', 'T2_AT_Vienna', 'T2_BE_IIHE', 'T2_BE_UCL', 'T2_BR_SPRACE', 'T2_CH_CERN', 'T2_CH_CERN_AI', 'T2_CH_CERN_HLT', 'T2_CH_CSCS', 'T2_CN_Beijing', 'T2_DE_DESY', 'T2_DE_RWTH', 'T2_EE_Estonia', 'T2_ES_CIEMAT', 'T2_ES_IFCA', 'T2_FI_HIP', 'T2_FR_CCIN2P3', 'T2_FR_GRIF_IRFU', 'T2_FR_GRIF_LLR', 'T2_FR_IPHC', 'T2_FR_GRIF_LLR', 'T2_GR_Ioannina', 'T2_HU_Budapest', 'T2_IN_TIFR', 'T2_IT_Bari', 'T2_IT_Legnaro', 'T2_IT_Pisa', 'T2_IT_Rome', 'T2_KR_KNU', 'T2_PL_Warsaw', 'T2_PT_NCG_Lisbon', 'T2_RU_IHEP', 'T2_RU_ITEP', 'T2_RU_JINR', 'T2_RU_SINP', 'T2_TR_METU', 'T2_TW_Taiwan', 'T2_UA_KIPT', 'T2_UK_London_Brunel', 'T2_UK_London_IC', 'T2_UK_SGrid_Bristol', 'T2_UK_SGrid_RALPP', 'T2_US_Caltech', 'T2_US_Florida', 'T2_US_MIT', 'T2_US_Nebraska', 'T2_US_Purdue', 'T2_US_UCSD', 'T2_US_Vanderbilt', 'T2_US_Wisconsin', 'T3_US_Colorado']
------------------------------------------
starting to fetch all sites from siteDB
X509_USER_CERT and X509_USER_KEY found
conn found in if else structure
Traceback (most recent call last):
  File "WaitingRoom_Sites.py", line 128, in <module>
    main_function(outputfile_txt)
  File "WaitingRoom_Sites.py", line 69, in main_function
    jn = fetch_all_sites('cmsweb.cern.ch','/sitedb/data/prod/site-names') 
  File "WaitingRoom_Sites.py", line 32, in fetch_all_sites
    r1=conn.request("GET",api, None, headers)
  File "/System/Library/Frameworks/Python.framework/Versions/2.7/lib/python2.7/httplib.py", line 973, in request
    self._send_request(method, url, body, headers)
  File "/System/Library/Frameworks/Python.framework/Versions/2.7/lib/python2.7/httplib.py", line 1007, in _send_request
    self.endheaders(body)
  File "/System/Library/Frameworks/Python.framework/Versions/2.7/lib/python2.7/httplib.py", line 969, in endheaders
    self._send_output(message_body)
  File "/System/Library/Frameworks/Python.framework/Versions/2.7/lib/python2.7/httplib.py", line 829, in _send_output
    self.send(msg)
  File "/System/Library/Frameworks/Python.framework/Versions/2.7/lib/python2.7/httplib.py", line 791, in send
    self.connect()
  File "/System/Library/Frameworks/Python.framework/Versions/2.7/lib/python2.7/httplib.py", line 1176, in connect
    self.sock = ssl.wrap_socket(sock, self.key_file, self.cert_file)
  File "/System/Library/Frameworks/Python.framework/Versions/2.7/lib/python2.7/ssl.py", line 387, in wrap_socket
    ciphers=ciphers)
  File "/System/Library/Frameworks/Python.framework/Versions/2.7/lib/python2.7/ssl.py", line 141, in __init__
    ciphers)
ssl.SSLError: [Errno 336265218] _ssl.c:351: error:140B0002:SSL routines:SSL_CTX_use_PrivateKey_file:system lib
