ActiveSites.py results: 2014-03-13 21:05:05
T2_GR_Ioannina
T2_HU_Budapest
T2_DE_DESY
T2_TR_METU
T2_AT_Vienna
T2_CH_CSCS
T2_RU_PNPI
T2_US_Purdue
T2_FI_HIP
T2_FR_GRIF_LLR
T2_BE_UCL
T2_ES_IFCA
T2_UK_SGrid_Bristol
T2_FR_IPHC
T2_CH_CERN_AI
T2_KR_KNU
T1_ES_PIC
T1_UK_RAL
T1_US_FNAL
T2_IT_Legnaro
T2_CH_CERN_HLT
T2_RU_ITEP
T2_UK_London_Brunel
T2_RU_JINR
T2_IT_Pisa
T2_US_Vanderbilt
T2_EE_Estonia
T2_IN_TIFR
T2_FR_CCIN2P3
T2_CN_Beijing
T2_RU_IHEP
T2_US_Caltech
T2_US_Florida
T2_FR_GRIF_IRFU
T2_UK_London_IC
T2_US_Nebraska
T2_IT_Rome
T2_US_UCSD
T2_ES_CIEMAT
T1_RU_JINR
T2_PL_Warsaw
T2_US_Wisconsin
T2_CH_CERN_T0
T2_BE_IIHE
T2_CH_CERN
T2_BR_SPRACE
T2_PT_NCG_Lisbon
T2_TH_CUNSTDA
T2_US_MIT
T2_UK_SGrid_RALPP
T2_IT_Bari
T1_TW_ASGC
T2_UA_KIPT
T2_DE_RWTH
T1_IT_CNAF
T1_FR_CCIN2P3
T1_DE_KIT
T2_RU_SINP
T2_TW_Taiwan
